
> afriseek-backend@0.1.0 build
> tsc

src/config/dependencies.ts(9,1): error TS6133: 'getDatabase' is declared but its value is never read.
src/config/dependencies.ts(24,1): error TS6133: 'EntityTypeRepository' is declared but its value is never read.
src/config/dependencies.ts(53,9): error TS6133: 'entityTypeRepository' is declared but its value is never read.
src/core/intelligence/CulturalGraphBiasEngine.ts(2,1): error TS6133: 'EntityType' is declared but its value is never read.
src/core/intelligence/CulturalGraphBiasEngine.ts(54,5): error TS6133: 'root' is declared but its value is never read.
src/core/intelligence/GeoContextEngine.ts(4,1): error TS6133: 'RelationshipType' is declared but its value is never read.
src/infrastructure/repositories/seed/EntityRepository.ts(44,5): error TS6133: 'entity' is declared but its value is never read.
src/infrastructure/repositories/seed/EntityRepository.ts(48,5): error TS6133: 'entity' is declared but its value is never read.
src/infrastructure/repositories/seed/EntityRepository.ts(52,5): error TS6133: 'id' is declared but its value is never read.
src/middleware/auditAction.ts(12,5): error TS6133: 'res' is declared but its value is never read.
src/middleware/errorHandler.ts(7,3): error TS6133: 'req' is declared but its value is never read.
src/middleware/errorHandler.ts(9,3): error TS6133: 'next' is declared but its value is never read.
src/modules/article/controller.ts(139,25): error TS2554: Expected 2 arguments, but got 1.
src/modules/entity/controller.ts(62,5): error TS6133: 'req' is declared but its value is never read.
src/repositories/ontology/SqlEntityTypeRepository.ts(3,1): error TS6133: 'getDatabase' is declared but its value is never read.
src/repositories/ontology/SqlOntologyDefinitionRepository.ts(3,1): error TS6133: 'getDatabase' is declared but its value is never read.
src/repositories/ontology/SqlRelationshipTypeRepository.ts(3,1): error TS6133: 'getDatabase' is declared but its value is never read.
src/routes/relationshipRoutes.ts(4,1): error TS6133: 'validate' is declared but its value is never read.
src/routes/relationshipRoutes.ts(5,1): error TS6133: 'CreateRelationshipSchema' is declared but its value is never read.
src/services/ArticleService.ts(41,16): error TS6133: 'id' is declared but its value is never read.
src/services/article/ArticleCitationService.ts(2,22): error TS6133: 'articleId' is declared but its value is never read.
src/services/article/ArticleRevisionService.ts(2,22): error TS6133: 'articleId' is declared but its value is never read.
